<?xml version="1.0" encoding="UTF-8"?>
<!-- Generated by org.testng.reporters.JUnitReportReporter -->
<testsuite hostname="sucharitha" failures="0" tests="2" name="com.herokuapp.restfulbooker.getBokkingTests" time="1.780" errors="0" timestamp="2024-01-28T18:03:31 PST" skipped="1">
  <testcase classname="com.herokuapp.restfulbooker.getBokkingTests" name="getBookingXML" time="1.780"/>
  <testcase classname="com.herokuapp.restfulbooker.getBokkingTests" name="getBokking">
    <skipped/>
  </testcase> <!-- getBokking -->
</testsuite> <!-- com.herokuapp.restfulbooker.getBokkingTests -->
