<?xml version="1.0" encoding="UTF-8"?>
<!-- Generated by org.testng.reporters.JUnitReportReporter -->
<testsuite hostname="sucharitha" failures="0" tests="1" name="com.herokuapp.restfulbooker.PartialUpdateBookingTests" time="3.972" errors="0" timestamp="2024-01-28T12:17:15 PST" skipped="0">
  <testcase classname="com.herokuapp.restfulbooker.PartialUpdateBookingTests" name="updateBookingTest" time="3.972"/>
</testsuite> <!-- com.herokuapp.restfulbooker.PartialUpdateBookingTests -->
