<?xml version="1.0" encoding="UTF-8"?>
<!-- Generated by org.testng.reporters.JUnitReportReporter -->
<testsuite hostname="sucharitha" failures="0" tests="2" name="com.herokuapp.restfulbooker.createBookingTests" time="1.707" errors="0" timestamp="2024-01-28T19:43:19 PST" skipped="1">
  <testcase classname="com.herokuapp.restfulbooker.createBookingTests" name="createBookingPOJOTest" time="1.707"/>
  <testcase classname="com.herokuapp.restfulbooker.createBookingTests" name="createBookingTest">
    <skipped/>
  </testcase> <!-- createBookingTest -->
</testsuite> <!-- com.herokuapp.restfulbooker.createBookingTests -->
