<?xml version="1.0" encoding="UTF-8"?>
<!-- Generated by org.testng.reporters.JUnitReportReporter -->
<testsuite hostname="sucharitha" failures="0" tests="1" name="com.herokuapp.restfulbooker.updateBookingTest" time="3.281" errors="0" timestamp="2024-01-28T12:02:24 PST" skipped="0">
  <testcase classname="com.herokuapp.restfulbooker.updateBookingTest" name="updateBookingTest" time="3.281"/>
</testsuite> <!-- com.herokuapp.restfulbooker.updateBookingTest -->
