<?xml version="1.0" encoding="UTF-8"?>
<!-- Generated by org.testng.reporters.JUnitReportReporter -->
<testsuite hostname="sucharitha" failures="0" tests="2" name="com.herokuapp.restfulbooker.HealthCheckTest" time="1.971" errors="0" timestamp="2024-01-28T17:49:28 PST" skipped="0">
  <testcase classname="com.herokuapp.restfulbooker.HealthCheckTest" name="headerAndCookiesTest" time="1.234"/>
  <testcase classname="com.herokuapp.restfulbooker.HealthCheckTest" name="healthCheckTest" time="0.737"/>
</testsuite> <!-- com.herokuapp.restfulbooker.HealthCheckTest -->
