<?xml version="1.0" encoding="UTF-8"?>
<!-- Generated by org.testng.reporters.JUnitReportReporter -->
<testsuite hostname="sucharitha" failures="0" tests="1" name="com.herokuapp.restfulbooker.DeleteBookingTest" time="3.346" errors="0" timestamp="2024-01-28T12:33:06 PST" skipped="0">
  <testcase classname="com.herokuapp.restfulbooker.DeleteBookingTest" name="deleteBookingTest" time="3.346"/>
</testsuite> <!-- com.herokuapp.restfulbooker.DeleteBookingTest -->
