<?xml version="1.0" encoding="UTF-8"?>
<!-- Generated by org.testng.reporters.JUnitReportReporter -->
<testsuite hostname="sucharitha" failures="0" tests="2" name="com.herokuapp.restfulbooker.getBookingIdsTests" time="3.142" errors="0" timestamp="2024-01-28T14:44:37 PST" skipped="0">
  <testcase classname="com.herokuapp.restfulbooker.getBookingIdsTests" name="getBookingIdsWithoutFilterTest" time="0.609"/>
  <testcase classname="com.herokuapp.restfulbooker.getBookingIdsTests" name="getBookingIdsWithFilterTest" time="2.533"/>
</testsuite> <!-- com.herokuapp.restfulbooker.getBookingIdsTests -->
